<?xml version="1.0" encoding="UTF-8"?>
<!-- Generated by org.testng.reporters.JUnitXMLReporter -->
<testsuite ignored="28" hostname="DESKTOP-4EUGK2C" failures="0" tests="1" name="Default test" time="16.211" errors="0" timestamp="2024-05-30T11:53:27 IST">
  <testcase classname="Cases.TestCases" name="searchProductAndAddToCart" time="8.197"/>
  <testcase classname="Cases.TestCases" name="provideShippingDetailsAndPayForProductsInCart" time="0.0">
    <ignored/>
  </testcase> <!-- provideShippingDetailsAndPayForProductsInCart -->
  <testcase classname="Cases.TestCases" name="selectProductInJacketInStyleDropDown" time="0.0">
    <ignored/>
  </testcase> <!-- selectProductInJacketInStyleDropDown -->
  <testcase classname="Cases.TestCases" name="createAnAccount" time="0.0">
    <ignored/>
  </testcase> <!-- createAnAccount -->
  <testcase classname="Cases.TestCases" name="clickOnWhatsNewThenClickJacketAndAddProduct" time="0.0">
    <ignored/>
  </testcase> <!-- clickOnWhatsNewThenClickJacketAndAddProduct -->
  <testcase classname="Cases.TestCases" name="clickOnWomenAndAddProductToCart" time="0.0">
    <ignored/>
  </testcase> <!-- clickOnWomenAndAddProductToCart -->
  <testcase classname="Cases.TestCases" name="addProductFromWomensSaleAfterSortingByPrice" time="0.0">
    <ignored/>
  </testcase> <!-- addProductFromWomensSaleAfterSortingByPrice -->
  <testcase classname="Cases.TestCases" name="addProductFromMensDealWithPrice20DollarPriceRange" time="0.0">
    <ignored/>
  </testcase> <!-- addProductFromMensDealWithPrice20DollarPriceRange -->
  <testcase classname="Cases.TestCases" name="selectPantsInCategoryDropDownAndAddProductInCart" time="0.0">
    <ignored/>
  </testcase> <!-- selectPantsInCategoryDropDownAndAddProductInCart -->
  <testcase classname="Cases.TestCases" name="addProductAfterSortingByProductsName" time="0.0">
    <ignored/>
  </testcase> <!-- addProductAfterSortingByProductsName -->
  <testcase classname="Cases.TestCases" name="addProductFromWomensDeal" time="0.0">
    <ignored/>
  </testcase> <!-- addProductFromWomensDeal -->
  <testcase classname="Cases.TestCases" name="addProductFromTankInCategoryDropDown" time="0.0">
    <ignored/>
  </testcase> <!-- addProductFromTankInCategoryDropDown -->
  <testcase classname="Cases.TestCases" name="addProductPresentOnPage2InBottomsMen" time="0.0">
    <ignored/>
  </testcase> <!-- addProductPresentOnPage2InBottomsMen -->
  <testcase classname="Cases.TestCases" name="selectLeggingsInStyleAndCottonInMaterialDropDownAndAddProductToCart" time="0.0">
    <ignored/>
  </testcase> <!-- selectLeggingsInStyleAndCottonInMaterialDropDownAndAddProductToCart -->
  <testcase classname="Cases.TestCases" name="clickOnMensDealAndAProduct" time="0.0">
    <ignored/>
  </testcase> <!-- clickOnMensDealAndAProduct -->
  <testcase classname="Cases.TestCases" name="signInWithoutPassword" time="0.0">
    <ignored/>
  </testcase> <!-- signInWithoutPassword -->
  <testcase classname="Cases.TestCases" name="addProductFromHoddedInStyleDropDown" time="0.0">
    <ignored/>
  </testcase> <!-- addProductFromHoddedInStyleDropDown -->
  <testcase classname="Cases.TestCases" name="selectYesInEcoCollectionDropDownAndAddAProduct" time="0.0">
    <ignored/>
  </testcase> <!-- selectYesInEcoCollectionDropDownAndAddAProduct -->
  <testcase classname="Cases.TestCases" name="addHeroHoddieInCart" time="0.0">
    <ignored/>
  </testcase> <!-- addHeroHoddieInCart -->
  <testcase classname="Cases.TestCases" name="addProductWhereAllClimateInWeatherDropDownIsSelected" time="0.0">
    <ignored/>
  </testcase> <!-- addProductWhereAllClimateInWeatherDropDownIsSelected -->
  <testcase classname="Cases.TestCases" name="signInWithValidCredentials" time="0.0">
    <ignored/>
  </testcase> <!-- signInWithValidCredentials -->
  <testcase classname="Cases.TestCases" name="selectPriceInSortByDropDownAndAddProductInCart" time="0.0">
    <ignored/>
  </testcase> <!-- selectPriceInSortByDropDownAndAddProductInCart -->
  <testcase classname="Cases.TestCases" name="closeThePopUpOnGearPage" time="0.0">
    <ignored/>
  </testcase> <!-- closeThePopUpOnGearPage -->
  <testcase classname="Cases.TestCases" name="addProductWithRedColor" time="0.0">
    <ignored/>
  </testcase> <!-- addProductWithRedColor -->
  <testcase classname="Cases.TestCases" name="addProductFromFitnessEquipmentAndVerifyThePriceOfIt" time="0.0">
    <ignored/>
  </testcase> <!-- addProductFromFitnessEquipmentAndVerifyThePriceOfIt -->
  <testcase classname="Cases.TestCases" name="closeThePopUpOnTheHomePage" time="0.0">
    <ignored/>
  </testcase> <!-- closeThePopUpOnTheHomePage -->
  <testcase classname="Cases.TestCases" name="selectProductAddTOCartInTop50Women" time="0.0">
    <ignored/>
  </testcase> <!-- selectProductAddTOCartInTop50Women -->
  <testcase classname="Cases.TestCases" name="addProductAfterSortingByProductName" time="0.0">
    <ignored/>
  </testcase> <!-- addProductAfterSortingByProductName -->
  <testcase classname="Cases.TestCases" name="AddProductPresentOnGearPageAndVerify" time="0.0">
    <ignored/>
  </testcase> <!-- AddProductPresentOnGearPageAndVerify -->
</testsuite> <!-- Default test -->
