<?xml version="1.0" encoding="UTF-8"?>
<testng-results ignored="0" total="1" passed="1" failed="0" skipped="0">
  <reporter-output>
  </reporter-output>
  <suite started-at="2024-05-30T11:53:11 IST" name="Default suite" finished-at="2024-05-30T11:53:27 IST" duration-ms="16211">
    <groups>
    </groups>
    <test started-at="2024-05-30T11:53:11 IST" name="Default test" finished-at="2024-05-30T11:53:27 IST" duration-ms="16211">
      <class name="Cases.TestCases">
        <test-method is-config="true" signature="setUp()[pri:0, instance:Cases.TestCases@6743e411]" started-at="2024-05-30T11:53:11 IST" name="setUp" finished-at="2024-05-30T11:53:19 IST" duration-ms="7622" status="PASS">
          <reporter-output>
          </reporter-output>
        </test-method> <!-- setUp -->
        <test-method signature="searchProductAndAddToCart()[pri:0, instance:Cases.TestCases@6743e411]" started-at="2024-05-30T11:53:19 IST" name="searchProductAndAddToCart" finished-at="2024-05-30T11:53:27 IST" duration-ms="8197" status="PASS">
          <reporter-output>
          </reporter-output>
        </test-method> <!-- searchProductAndAddToCart -->
        <test-method is-config="true" signature="closeBrowser()[pri:0, instance:Cases.TestCases@6743e411]" started-at="2024-05-30T11:53:27 IST" name="closeBrowser" finished-at="2024-05-30T11:53:27 IST" duration-ms="299" status="PASS">
          <reporter-output>
          </reporter-output>
        </test-method> <!-- closeBrowser -->
      </class> <!-- Cases.TestCases -->
    </test> <!-- Default test -->
  </suite> <!-- Default suite -->
</testng-results>
